This file contains any messages produced by compilers while
running configure, to aid debugging if configure makes a mistake.

It was created by PCRE2 configure 10.20, which was
generated by GNU Autoconf 2.69.  Invocation command line was

  $ ./configure --prefix=/Users/njindal/Build/quint/main/code/third_party/avmplus/pcre2 --enable-newline-is-any --with-parens-nest-limit=1000 --enable-jit --disable-shared

## --------- ##
## Platform. ##
## --------- ##

hostname = njindal-osx
uname -m = x86_64
uname -r = 14.4.0
uname -s = Darwin
uname -v = Darwin Kernel Version 14.4.0: Thu May 28 11:35:04 PDT 2015; root:xnu-2782.30.5~1/RELEASE_X86_64

/usr/bin/uname -p = i386
/bin/uname -X     = unknown

/bin/arch              = unknown
/usr/bin/arch -k       = unknown
/usr/convex/getsysinfo = unknown
/usr/bin/hostinfo      = Mach kernel version:
	 Darwin Kernel Version 14.4.0: Thu May 28 11:35:04 PDT 2015; root:xnu-2782.30.5~1/RELEASE_X86_64
Kernel configured for up to 8 processors.
4 processors are physically available.
8 processors are logically available.
Processor type: i486 (Intel 80486)
Processors active: 0 1 2 3 4 5 6 7
Primary memory available: 16.00 gigabytes
Default processor set: 331 tasks, 1963 threads, 8 processors
Load average: 1.70, Mach factor: 6.29
/bin/machine           = unknown
/usr/bin/oslevel       = unknown
/bin/universe          = unknown

PATH: /opt/local/bin
PATH: /opt/local/sbin
PATH: /opt/local/bin
PATH: /opt/local/sbin
PATH: /Users/njindal/Tools/
PATH: /Users/njindal/Library/Android/sdk/platform-tools/
PATH: /usr/local/bin
PATH: /usr/bin
PATH: /bin
PATH: /usr/sbin
PATH: /sbin
PATH: ./autotools-bin/bin
PATH: /Users/njindal/Build/pcre2-10.20_try/autotools-bin/bin


## ----------- ##
## Core tests. ##
## ----------- ##

configure:2527: checking for a BSD-compatible install
configure:2595: result: /usr/bin/install -c
configure:2606: checking whether build environment is sane
configure:2661: result: yes
configure:2812: checking for a thread-safe mkdir -p
configure:2851: result: ./install-sh -c -d
configure:2858: checking for gawk
configure:2888: result: no
configure:2858: checking for mawk
configure:2888: result: no
configure:2858: checking for nawk
configure:2888: result: no
configure:2858: checking for awk
configure:2874: found /usr/bin/awk
configure:2885: result: awk
configure:2896: checking whether make sets $(MAKE)
configure:2918: result: yes
configure:2947: checking whether make supports nested variables
configure:2964: result: yes
configure:3101: checking whether make supports nested variables
configure:3118: result: yes
configure:3145: checking for style of include used by make
configure:3173: result: GNU
configure:3244: checking for gcc
configure:3260: found /usr/bin/gcc
configure:3271: result: gcc
configure:3500: checking for C compiler version
configure:3509: gcc --version >&5
Apple LLVM version 6.0 (clang-600.0.56) (based on LLVM 3.5svn)
Target: x86_64-apple-darwin14.4.0
Thread model: posix
Configured with: --prefix=/Applications/Xcode2.app/Contents/Developer/usr --with-gxx-include-dir=/usr/include/c++/4.2.1
configure:3520: $? = 0
configure:3509: gcc -v >&5
Configured with: --prefix=/Applications/Xcode2.app/Contents/Developer/usr --with-gxx-include-dir=/usr/include/c++/4.2.1
Apple LLVM version 6.0 (clang-600.0.56) (based on LLVM 3.5svn)
Target: x86_64-apple-darwin14.4.0
Thread model: posix
configure:3520: $? = 0
configure:3509: gcc -V >&5
clang: error: argument to '-V' is missing (expected 1 value)
clang: error: no input files
configure:3520: $? = 1
configure:3509: gcc -qversion >&5
clang: error: unknown argument: '-qversion'
clang: error: no input files
configure:3520: $? = 1
configure:3540: checking whether the C compiler works
configure:3562: gcc    conftest.c  >&5
configure:3566: $? = 0
configure:3614: result: yes
configure:3617: checking for C compiler default output file name
configure:3619: result: a.out
configure:3625: checking for suffix of executables
configure:3632: gcc -o conftest    conftest.c  >&5
configure:3636: $? = 0
configure:3658: result: 
configure:3680: checking whether we are cross compiling
configure:3688: gcc -o conftest    conftest.c  >&5
configure:3692: $? = 0
configure:3699: ./conftest
configure:3703: $? = 0
configure:3718: result: no
configure:3723: checking for suffix of object files
configure:3745: gcc -c   conftest.c >&5
configure:3749: $? = 0
configure:3770: result: o
configure:3774: checking whether we are using the GNU C compiler
configure:3793: gcc -c   conftest.c >&5
configure:3793: $? = 0
configure:3802: result: yes
configure:3811: checking whether gcc accepts -g
configure:3831: gcc -c -g  conftest.c >&5
configure:3831: $? = 0
configure:3872: result: yes
configure:3889: checking for gcc option to accept ISO C89
configure:3952: gcc  -c -g -O2  conftest.c >&5
configure:3952: $? = 0
configure:3965: result: none needed
configure:3990: checking whether gcc understands -c and -o together
configure:4012: gcc -c conftest.c -o conftest2.o
configure:4015: $? = 0
configure:4012: gcc -c conftest.c -o conftest2.o
configure:4015: $? = 0
configure:4027: result: yes
configure:4046: checking dependency style of gcc
configure:4157: result: gcc3
configure:4222: checking for ar
configure:4238: found /usr/bin/ar
configure:4249: result: ar
configure:4275: checking the archiver (ar) interface
configure:4291: gcc -c -g -O2  conftest.c >&5
configure:4291: $? = 0
configure:4293: ar cru libconftest.a conftest.o >&5
configure:4296: $? = 0
configure:4324: result: ar
configure:4406: checking for gcc
configure:4433: result: gcc
configure:4662: checking for C compiler version
configure:4671: gcc --version >&5
Apple LLVM version 6.0 (clang-600.0.56) (based on LLVM 3.5svn)
Target: x86_64-apple-darwin14.4.0
Thread model: posix
Configured with: --prefix=/Applications/Xcode2.app/Contents/Developer/usr --with-gxx-include-dir=/usr/include/c++/4.2.1
configure:4682: $? = 0
configure:4671: gcc -v >&5
Configured with: --prefix=/Applications/Xcode2.app/Contents/Developer/usr --with-gxx-include-dir=/usr/include/c++/4.2.1
Apple LLVM version 6.0 (clang-600.0.56) (based on LLVM 3.5svn)
Target: x86_64-apple-darwin14.4.0
Thread model: posix
configure:4682: $? = 0
configure:4671: gcc -V >&5
clang: error: argument to '-V' is missing (expected 1 value)
clang: error: no input files
configure:4682: $? = 1
configure:4671: gcc -qversion >&5
clang: error: unknown argument: '-qversion'
clang: error: no input files
configure:4682: $? = 1
configure:4686: checking whether we are using the GNU C compiler
configure:4714: result: yes
configure:4723: checking whether gcc accepts -g
configure:4784: result: yes
configure:4801: checking for gcc option to accept ISO C89
configure:4877: result: none needed
configure:4902: checking whether gcc understands -c and -o together
configure:4939: result: yes
configure:4958: checking dependency style of gcc
configure:5069: result: gcc3
configure:5103: checking how to run the C preprocessor
configure:5134: gcc -E  conftest.c
configure:5134: $? = 0
configure:5148: gcc -E  conftest.c
conftest.c:11:10: fatal error: 'ac_nonexistent.h' file not found
#include <ac_nonexistent.h>
         ^
1 error generated.
configure:5148: $? = 1
configure: failed program was:
| /* confdefs.h */
| #define PACKAGE_NAME "PCRE2"
| #define PACKAGE_TARNAME "pcre2"
| #define PACKAGE_VERSION "10.20"
| #define PACKAGE_STRING "PCRE2 10.20"
| #define PACKAGE_BUGREPORT ""
| #define PACKAGE_URL ""
| #define PACKAGE "pcre2"
| #define VERSION "10.20"
| /* end confdefs.h.  */
| #include <ac_nonexistent.h>
configure:5173: result: gcc -E
configure:5193: gcc -E  conftest.c
configure:5193: $? = 0
configure:5207: gcc -E  conftest.c
conftest.c:11:10: fatal error: 'ac_nonexistent.h' file not found
#include <ac_nonexistent.h>
         ^
1 error generated.
configure:5207: $? = 1
configure: failed program was:
| /* confdefs.h */
| #define PACKAGE_NAME "PCRE2"
| #define PACKAGE_TARNAME "pcre2"
| #define PACKAGE_VERSION "10.20"
| #define PACKAGE_STRING "PCRE2 10.20"
| #define PACKAGE_BUGREPORT ""
| #define PACKAGE_URL ""
| #define PACKAGE "pcre2"
| #define VERSION "10.20"
| /* end confdefs.h.  */
| #include <ac_nonexistent.h>
configure:5236: checking for grep that handles long lines and -e
configure:5294: result: /usr/bin/grep
configure:5299: checking for egrep
configure:5361: result: /usr/bin/grep -E
configure:5366: checking for ANSI C header files
configure:5386: gcc -c -g -O2  conftest.c >&5
configure:5386: $? = 0
configure:5459: gcc -o conftest -g -O2   conftest.c  >&5
configure:5459: $? = 0
configure:5459: ./conftest
configure:5459: $? = 0
configure:5470: result: yes
configure:5483: checking for sys/types.h
configure:5483: gcc -c -g -O2  conftest.c >&5
configure:5483: $? = 0
configure:5483: result: yes
configure:5483: checking for sys/stat.h
configure:5483: gcc -c -g -O2  conftest.c >&5
configure:5483: $? = 0
configure:5483: result: yes
configure:5483: checking for stdlib.h
configure:5483: gcc -c -g -O2  conftest.c >&5
configure:5483: $? = 0
configure:5483: result: yes
configure:5483: checking for string.h
configure:5483: gcc -c -g -O2  conftest.c >&5
configure:5483: $? = 0
configure:5483: result: yes
configure:5483: checking for memory.h
configure:5483: gcc -c -g -O2  conftest.c >&5
configure:5483: $? = 0
configure:5483: result: yes
configure:5483: checking for strings.h
configure:5483: gcc -c -g -O2  conftest.c >&5
configure:5483: $? = 0
configure:5483: result: yes
configure:5483: checking for inttypes.h
configure:5483: gcc -c -g -O2  conftest.c >&5
configure:5483: $? = 0
configure:5483: result: yes
configure:5483: checking for stdint.h
configure:5483: gcc -c -g -O2  conftest.c >&5
configure:5483: $? = 0
configure:5483: result: yes
configure:5483: checking for unistd.h
configure:5483: gcc -c -g -O2  conftest.c >&5
configure:5483: $? = 0
configure:5483: result: yes
configure:5495: checking for int64_t
configure:5495: gcc -c -g -O2  conftest.c >&5
configure:5495: $? = 0
configure:5495: gcc -c -g -O2  conftest.c >&5
conftest.c:58:24: error: 'test_array' declared as an array with a negative size
static int test_array [1 - 2 * !((int64_t) (((((int64_t) 1 << N) << N) - 1) * 2 + 1)
                       ^~~~~~~~~~~~~~~~~~~~~~~~~~~~~~~~~~~~~~~~~~~~~~~~~~~~~~~~~~~~~
1 error generated.
configure:5495: $? = 1
configure: failed program was:
| /* confdefs.h */
| #define PACKAGE_NAME "PCRE2"
| #define PACKAGE_TARNAME "pcre2"
| #define PACKAGE_VERSION "10.20"
| #define PACKAGE_STRING "PCRE2 10.20"
| #define PACKAGE_BUGREPORT ""
| #define PACKAGE_URL ""
| #define PACKAGE "pcre2"
| #define VERSION "10.20"
| #define STDC_HEADERS 1
| #define HAVE_SYS_TYPES_H 1
| #define HAVE_SYS_STAT_H 1
| #define HAVE_STDLIB_H 1
| #define HAVE_STRING_H 1
| #define HAVE_MEMORY_H 1
| #define HAVE_STRINGS_H 1
| #define HAVE_INTTYPES_H 1
| #define HAVE_STDINT_H 1
| #define HAVE_UNISTD_H 1
| /* end confdefs.h.  */
| #include <stdio.h>
| #ifdef HAVE_SYS_TYPES_H
| # include <sys/types.h>
| #endif
| #ifdef HAVE_SYS_STAT_H
| # include <sys/stat.h>
| #endif
| #ifdef STDC_HEADERS
| # include <stdlib.h>
| # include <stddef.h>
| #else
| # ifdef HAVE_STDLIB_H
| #  include <stdlib.h>
| # endif
| #endif
| #ifdef HAVE_STRING_H
| # if !defined STDC_HEADERS && defined HAVE_MEMORY_H
| #  include <memory.h>
| # endif
| # include <string.h>
| #endif
| #ifdef HAVE_STRINGS_H
| # include <strings.h>
| #endif
| #ifdef HAVE_INTTYPES_H
| # include <inttypes.h>
| #endif
| #ifdef HAVE_STDINT_H
| # include <stdint.h>
| #endif
| #ifdef HAVE_UNISTD_H
| # include <unistd.h>
| #endif
| 	        enum { N = 64 / 2 - 1 };
| int
| main ()
| {
| static int test_array [1 - 2 * !((int64_t) (((((int64_t) 1 << N) << N) - 1) * 2 + 1)
| 		 < (int64_t) (((((int64_t) 1 << N) << N) - 1) * 2 + 2))];
| test_array [0] = 0;
| return test_array [0];
| 
|   ;
|   return 0;
| }
configure:5495: result: yes
configure:5512: checking build system type
configure:5526: result: x86_64-apple-darwin14.4.0
configure:5546: checking host system type
configure:5559: result: x86_64-apple-darwin14.4.0
configure:5928: checking how to print strings
configure:5955: result: printf
configure:5976: checking for a sed that does not truncate output
configure:6040: result: /usr/bin/sed
configure:6058: checking for fgrep
configure:6120: result: /usr/bin/grep -F
configure:6155: checking for ld used by gcc
configure:6222: result: /Applications/Xcode2.app/Contents/Developer/Toolchains/XcodeDefault.xctoolchain/usr/bin/ld
configure:6229: checking if the linker (/Applications/Xcode2.app/Contents/Developer/Toolchains/XcodeDefault.xctoolchain/usr/bin/ld) is GNU ld
configure:6244: result: no
configure:6256: checking for BSD- or MS-compatible name lister (nm)
configure:6310: result: /usr/bin/nm
configure:6440: checking the name lister (/usr/bin/nm) interface
configure:6447: gcc -c -g -O2  conftest.c >&5
configure:6450: /usr/bin/nm "conftest.o"
configure:6453: output
000000000000023c S _some_variable
configure:6460: result: BSD nm
configure:6463: checking whether ln -s works
configure:6467: result: yes
configure:6475: checking the maximum length of command line arguments
configure:6606: result: 196608
configure:6654: checking how to convert x86_64-apple-darwin14.4.0 file names to x86_64-apple-darwin14.4.0 format
configure:6694: result: func_convert_file_noop
configure:6701: checking how to convert x86_64-apple-darwin14.4.0 file names to toolchain format
configure:6721: result: func_convert_file_noop
configure:6728: checking for /Applications/Xcode2.app/Contents/Developer/Toolchains/XcodeDefault.xctoolchain/usr/bin/ld option to reload object files
configure:6735: result: -r
configure:6809: checking for objdump
configure:6836: result: objdump
configure:6865: checking how to recognize dependent libraries
configure:7065: result: pass_all
configure:7150: checking for dlltool
configure:7177: result: dlltool
configure:7207: checking how to associate runtime and link libraries
configure:7234: result: printf %s\n
configure:7358: checking for archiver @FILE support
configure:7375: gcc -c -g -O2  conftest.c >&5
configure:7375: $? = 0
configure:7378: ar cru libconftest.a @conftest.lst >&5
ar: @conftest.lst: No such file or directory
configure:7381: $? = 1
configure:7401: result: no
configure:7459: checking for strip
configure:7475: found /usr/bin/strip
configure:7486: result: strip
configure:7558: checking for ranlib
configure:7574: found /usr/bin/ranlib
configure:7585: result: ranlib
configure:7687: checking command to parse /usr/bin/nm output from gcc object
configure:7840: gcc -c -g -O2  conftest.c >&5
configure:7843: $? = 0
configure:7847: /usr/bin/nm conftest.o \| sed -n -e 's/^.*[ ]\([BCDEGRST][BCDEGRST]*\)[ ][ ]*\([_A-Za-z][_A-Za-z0-9]*\)$/\1 \2 \2/p' | sed '/ __gnu_lto/d' \> conftest.nm
configure:7850: $? = 0
cannot find nm_test_var in conftest.nm
configure:7840: gcc -c -g -O2  conftest.c >&5
configure:7843: $? = 0
configure:7847: /usr/bin/nm conftest.o \| sed -n -e 's/^.*[ ]\([BCDEGRST][BCDEGRST]*\)[ ][ ]*_\([_A-Za-z][_A-Za-z0-9]*\)$/\1 _\2 \2/p' | sed '/ __gnu_lto/d' \> conftest.nm
configure:7850: $? = 0
configure:7916: gcc -o conftest -g -O2   conftest.c conftstm.o >&5
configure:7919: $? = 0
configure:7957: result: ok
configure:8004: checking for sysroot
configure:8034: result: no
configure:8041: checking for a working dd
configure:8079: result: /bin/dd
configure:8083: checking how to truncate binary pipes
configure:8098: result: /bin/dd bs=4096 count=1
configure:8427: checking for mt
configure:8457: result: no
configure:8477: checking if : is a manifest tool
configure:8483: : '-?'
configure:8491: result: no
configure:8547: checking for dsymutil
configure:8563: found /usr/bin/dsymutil
configure:8574: result: dsymutil
configure:8639: checking for nmedit
configure:8655: found /usr/bin/nmedit
configure:8666: result: nmedit
configure:8731: checking for lipo
configure:8747: found /usr/bin/lipo
configure:8758: result: lipo
configure:8823: checking for otool
configure:8839: found /usr/bin/otool
configure:8850: result: otool
configure:8915: checking for otool64
configure:8945: result: no
configure:8990: checking for -single_module linker flag
gcc -g -O2  -o libconftest.dylib -dynamiclib -Wl,-single_module conftest.c
configure:9023: result: yes
configure:9026: checking for -exported_symbols_list linker flag
configure:9046: gcc -o conftest -g -O2   -Wl,-exported_symbols_list,conftest.sym conftest.c  >&5
configure:9046: $? = 0
configure:9056: result: yes
configure:9059: checking for -force_load linker flag
gcc -g -O2 -c -o conftest.o conftest.c
ar cru libconftest.a conftest.o
ranlib libconftest.a
gcc -g -O2  -o conftest conftest.c -Wl,-force_load,./libconftest.a
configure:9091: result: yes
configure:9165: checking for dlfcn.h
configure:9165: gcc -c -g -O2  conftest.c >&5
configure:9165: $? = 0
configure:9165: result: yes
configure:9419: checking for objdir
configure:9434: result: .libs
configure:9698: checking if gcc supports -fno-rtti -fno-exceptions
configure:9716: gcc -c -g -O2  -fno-rtti -fno-exceptions conftest.c >&5
configure:9720: $? = 0
configure:9733: result: yes
configure:10091: checking for gcc option to produce PIC
configure:10098: result: -fno-common -DPIC
configure:10106: checking if gcc PIC flag -fno-common -DPIC works
configure:10124: gcc -c -g -O2  -fno-common -DPIC -DPIC conftest.c >&5
configure:10128: $? = 0
configure:10141: result: yes
configure:10170: checking if gcc static flag -static works
configure:10198: result: no
configure:10213: checking if gcc supports -c -o file.o
configure:10234: gcc -c -g -O2  -o out/conftest2.o conftest.c >&5
configure:10238: $? = 0
configure:10260: result: yes
configure:10268: checking if gcc supports -c -o file.o
configure:10315: result: yes
configure:10348: checking whether the gcc linker (/Applications/Xcode2.app/Contents/Developer/Toolchains/XcodeDefault.xctoolchain/usr/bin/ld) supports shared libraries
configure:11607: result: yes
configure:11847: checking dynamic linker characteristics
configure:12665: result: darwin14.4.0 dyld
configure:12787: checking how to hardcode library paths into programs
configure:12812: result: immediate
configure:13360: checking whether stripping libraries is possible
configure:13374: result: yes
configure:13400: checking if libtool supports shared libraries
configure:13402: result: yes
configure:13405: checking whether to build shared libraries
configure:13430: result: no
configure:13433: checking whether to build static libraries
configure:13437: result: yes
configure:13474: checking whether ln -s works
configure:13478: result: yes
configure:13494: checking whether the -Werror option is usable
configure:13513: gcc -c -g -O2 -Werror  conftest.c >&5
configure:13513: $? = 0
configure:13522: result: yes
configure:13524: checking for simple visibility declarations
configure:13551: gcc -c -g -O2 -fvisibility=hidden -Werror  conftest.c >&5
configure:13551: $? = 0
configure:13560: result: yes
configure:13969: checking for ANSI C header files
configure:14073: result: yes
configure:14084: checking limits.h usability
configure:14084: gcc -c -g -O2  conftest.c >&5
configure:14084: $? = 0
configure:14084: result: yes
configure:14084: checking limits.h presence
configure:14084: gcc -E  conftest.c
configure:14084: $? = 0
configure:14084: result: yes
configure:14084: checking for limits.h
configure:14084: result: yes
configure:14084: checking for sys/types.h
configure:14084: result: yes
configure:14084: checking for sys/stat.h
configure:14084: result: yes
configure:14084: checking dirent.h usability
configure:14084: gcc -c -g -O2  conftest.c >&5
configure:14084: $? = 0
configure:14084: result: yes
configure:14084: checking dirent.h presence
configure:14084: gcc -E  conftest.c
configure:14084: $? = 0
configure:14084: result: yes
configure:14084: checking for dirent.h
configure:14084: result: yes
configure:14096: checking windows.h usability
configure:14096: gcc -c -g -O2  conftest.c >&5
conftest.c:66:10: fatal error: 'windows.h' file not found
#include <windows.h>
         ^
1 error generated.
configure:14096: $? = 1
configure: failed program was:
| /* confdefs.h */
| #define PACKAGE_NAME "PCRE2"
| #define PACKAGE_TARNAME "pcre2"
| #define PACKAGE_VERSION "10.20"
| #define PACKAGE_STRING "PCRE2 10.20"
| #define PACKAGE_BUGREPORT ""
| #define PACKAGE_URL ""
| #define PACKAGE "pcre2"
| #define VERSION "10.20"
| #define STDC_HEADERS 1
| #define HAVE_SYS_TYPES_H 1
| #define HAVE_SYS_STAT_H 1
| #define HAVE_STDLIB_H 1
| #define HAVE_STRING_H 1
| #define HAVE_MEMORY_H 1
| #define HAVE_STRINGS_H 1
| #define HAVE_INTTYPES_H 1
| #define HAVE_STDINT_H 1
| #define HAVE_UNISTD_H 1
| #define HAVE_DLFCN_H 1
| #define LT_OBJDIR ".libs/"
| #define PCRE2_EXP_DECL extern __attribute__ ((visibility ("default")))
| #define PCRE2_EXP_DEFN __attribute__ ((visibility ("default")))
| #define PCRE2POSIX_EXP_DECL extern __attribute__ ((visibility ("default")))
| #define PCRE2POSIX_EXP_DEFN extern __attribute__ ((visibility ("default")))
| #define HAVE_VISIBILITY 1
| #define STDC_HEADERS 1
| #define HAVE_LIMITS_H 1
| #define HAVE_SYS_TYPES_H 1
| #define HAVE_SYS_STAT_H 1
| #define HAVE_DIRENT_H 1
| /* end confdefs.h.  */
| #include <stdio.h>
| #ifdef HAVE_SYS_TYPES_H
| # include <sys/types.h>
| #endif
| #ifdef HAVE_SYS_STAT_H
| # include <sys/stat.h>
| #endif
| #ifdef STDC_HEADERS
| # include <stdlib.h>
| # include <stddef.h>
| #else
| # ifdef HAVE_STDLIB_H
| #  include <stdlib.h>
| # endif
| #endif
| #ifdef HAVE_STRING_H
| # if !defined STDC_HEADERS && defined HAVE_MEMORY_H
| #  include <memory.h>
| # endif
| # include <string.h>
| #endif
| #ifdef HAVE_STRINGS_H
| # include <strings.h>
| #endif
| #ifdef HAVE_INTTYPES_H
| # include <inttypes.h>
| #endif
| #ifdef HAVE_STDINT_H
| # include <stdint.h>
| #endif
| #ifdef HAVE_UNISTD_H
| # include <unistd.h>
| #endif
| #include <windows.h>
configure:14096: result: no
configure:14096: checking windows.h presence
configure:14096: gcc -E  conftest.c
conftest.c:33:10: fatal error: 'windows.h' file not found
#include <windows.h>
         ^
1 error generated.
configure:14096: $? = 1
configure: failed program was:
| /* confdefs.h */
| #define PACKAGE_NAME "PCRE2"
| #define PACKAGE_TARNAME "pcre2"
| #define PACKAGE_VERSION "10.20"
| #define PACKAGE_STRING "PCRE2 10.20"
| #define PACKAGE_BUGREPORT ""
| #define PACKAGE_URL ""
| #define PACKAGE "pcre2"
| #define VERSION "10.20"
| #define STDC_HEADERS 1
| #define HAVE_SYS_TYPES_H 1
| #define HAVE_SYS_STAT_H 1
| #define HAVE_STDLIB_H 1
| #define HAVE_STRING_H 1
| #define HAVE_MEMORY_H 1
| #define HAVE_STRINGS_H 1
| #define HAVE_INTTYPES_H 1
| #define HAVE_STDINT_H 1
| #define HAVE_UNISTD_H 1
| #define HAVE_DLFCN_H 1
| #define LT_OBJDIR ".libs/"
| #define PCRE2_EXP_DECL extern __attribute__ ((visibility ("default")))
| #define PCRE2_EXP_DEFN __attribute__ ((visibility ("default")))
| #define PCRE2POSIX_EXP_DECL extern __attribute__ ((visibility ("default")))
| #define PCRE2POSIX_EXP_DEFN extern __attribute__ ((visibility ("default")))
| #define HAVE_VISIBILITY 1
| #define STDC_HEADERS 1
| #define HAVE_LIMITS_H 1
| #define HAVE_SYS_TYPES_H 1
| #define HAVE_SYS_STAT_H 1
| #define HAVE_DIRENT_H 1
| /* end confdefs.h.  */
| #include <windows.h>
configure:14096: result: no
configure:14096: checking for windows.h
configure:14096: result: no
configure:14175: checking for an ANSI C-conforming const
configure:14241: gcc -c -g -O2  conftest.c >&5
configure:14241: $? = 0
configure:14248: result: yes
configure:14256: checking for size_t
configure:14256: gcc -c -g -O2  conftest.c >&5
configure:14256: $? = 0
configure:14256: gcc -c -g -O2  conftest.c >&5
conftest.c:69:21: error: expected expression
if (sizeof ((size_t)))
                    ^
1 error generated.
configure:14256: $? = 1
configure: failed program was:
| /* confdefs.h */
| #define PACKAGE_NAME "PCRE2"
| #define PACKAGE_TARNAME "pcre2"
| #define PACKAGE_VERSION "10.20"
| #define PACKAGE_STRING "PCRE2 10.20"
| #define PACKAGE_BUGREPORT ""
| #define PACKAGE_URL ""
| #define PACKAGE "pcre2"
| #define VERSION "10.20"
| #define STDC_HEADERS 1
| #define HAVE_SYS_TYPES_H 1
| #define HAVE_SYS_STAT_H 1
| #define HAVE_STDLIB_H 1
| #define HAVE_STRING_H 1
| #define HAVE_MEMORY_H 1
| #define HAVE_STRINGS_H 1
| #define HAVE_INTTYPES_H 1
| #define HAVE_STDINT_H 1
| #define HAVE_UNISTD_H 1
| #define HAVE_DLFCN_H 1
| #define LT_OBJDIR ".libs/"
| #define PCRE2_EXP_DECL extern __attribute__ ((visibility ("default")))
| #define PCRE2_EXP_DEFN __attribute__ ((visibility ("default")))
| #define PCRE2POSIX_EXP_DECL extern __attribute__ ((visibility ("default")))
| #define PCRE2POSIX_EXP_DEFN extern __attribute__ ((visibility ("default")))
| #define HAVE_VISIBILITY 1
| #define STDC_HEADERS 1
| #define HAVE_LIMITS_H 1
| #define HAVE_SYS_TYPES_H 1
| #define HAVE_SYS_STAT_H 1
| #define HAVE_DIRENT_H 1
| /* end confdefs.h.  */
| #include <stdio.h>
| #ifdef HAVE_SYS_TYPES_H
| # include <sys/types.h>
| #endif
| #ifdef HAVE_SYS_STAT_H
| # include <sys/stat.h>
| #endif
| #ifdef STDC_HEADERS
| # include <stdlib.h>
| # include <stddef.h>
| #else
| # ifdef HAVE_STDLIB_H
| #  include <stdlib.h>
| # endif
| #endif
| #ifdef HAVE_STRING_H
| # if !defined STDC_HEADERS && defined HAVE_MEMORY_H
| #  include <memory.h>
| # endif
| # include <string.h>
| #endif
| #ifdef HAVE_STRINGS_H
| # include <strings.h>
| #endif
| #ifdef HAVE_INTTYPES_H
| # include <inttypes.h>
| #endif
| #ifdef HAVE_STDINT_H
| # include <stdint.h>
| #endif
| #ifdef HAVE_UNISTD_H
| # include <unistd.h>
| #endif
| int
| main ()
| {
| if (sizeof ((size_t)))
| 	    return 0;
|   ;
|   return 0;
| }
configure:14256: result: yes
configure:14273: checking for bcopy
configure:14273: gcc -o conftest -g -O2   conftest.c  >&5
configure:14273: $? = 0
configure:14273: result: yes
configure:14273: checking for memmove
configure:14273: gcc -o conftest -g -O2   conftest.c  >&5
conftest.c:57:6: warning: incompatible redeclaration of library function 'memmove' [-Wincompatible-library-redeclaration]
char memmove ();
     ^
conftest.c:57:6: note: 'memmove' is a builtin with type 'void *(void *, const void *, unsigned long)'
1 warning generated.
configure:14273: $? = 0
configure:14273: result: yes
configure:14273: checking for strerror
configure:14273: gcc -o conftest -g -O2   conftest.c  >&5
conftest.c:58:6: warning: incompatible redeclaration of library function 'strerror' [-Wincompatible-library-redeclaration]
char strerror ();
     ^
conftest.c:58:6: note: 'strerror' is a builtin with type 'char *(int)'
1 warning generated.
configure:14273: $? = 0
configure:14273: result: yes
configure:14287: checking zlib.h usability
configure:14287: gcc -c -g -O2  conftest.c >&5
configure:14287: $? = 0
configure:14287: result: yes
configure:14287: checking zlib.h presence
configure:14287: gcc -E  conftest.c
configure:14287: $? = 0
configure:14287: result: yes
configure:14287: checking for zlib.h
configure:14287: result: yes
configure:14297: checking for gzopen in -lz
configure:14322: gcc -o conftest -g -O2   conftest.c -lz   >&5
configure:14322: $? = 0
configure:14331: result: yes
configure:14356: checking bzlib.h usability
configure:14356: gcc -c -g -O2  conftest.c >&5
configure:14356: $? = 0
configure:14356: result: yes
configure:14356: checking bzlib.h presence
configure:14356: gcc -E  conftest.c
configure:14356: $? = 0
configure:14356: result: yes
configure:14356: checking for bzlib.h
configure:14356: result: yes
configure:14371: checking for libbz2
configure:14389: gcc -o conftest -g -O2   conftest.c  -lbz2 >&5
configure:14389: $? = 0
configure:14390: result: yes
configure:14932: checking whether pthreads work with -pthread
configure:15020: gcc -o conftest -g -O2 -pthread   conftest.c   >&5
configure:15020: $? = 0
configure:15029: result: yes
configure:15048: checking for joinable pthread attribute
configure:15063: gcc -o conftest -g -O2 -pthread   conftest.c   >&5
configure:15063: $? = 0
configure:15069: result: PTHREAD_CREATE_JOINABLE
configure:15079: checking if more special flags are required for pthreads
configure:15093: result: -D_THREAD_SAFE
configure:15099: checking for PTHREAD_PRIO_INHERIT
configure:15117: gcc -o conftest -g -O2 -pthread   conftest.c   >&5
configure:15117: $? = 0
configure:15126: result: yes
configure:15955: checking that generated files are newer than configure
configure:15961: result: done
configure:16024: creating ./config.status

## ---------------------- ##
## Running config.status. ##
## ---------------------- ##

This file was extended by PCRE2 config.status 10.20, which was
generated by GNU Autoconf 2.69.  Invocation command line was

  CONFIG_FILES    = 
  CONFIG_HEADERS  = 
  CONFIG_LINKS    = 
  CONFIG_COMMANDS = 
  $ ./config.status 

on njindal-osx

config.status:1172: creating Makefile
config.status:1172: creating libpcre2-8.pc
config.status:1172: creating libpcre2-16.pc
config.status:1172: creating libpcre2-32.pc
config.status:1172: creating libpcre2-posix.pc
config.status:1172: creating pcre2-config
config.status:1172: creating src/pcre2.h
config.status:1172: creating src/config.h
config.status:1401: executing depfiles commands
config.status:1401: executing libtool commands
config.status:1401: executing script-chmod commands
config.status:1401: executing delete-old-chartables commands

## ---------------- ##
## Cache variables. ##
## ---------------- ##

ac_cv_build=x86_64-apple-darwin14.4.0
ac_cv_c_compiler_gnu=yes
ac_cv_c_const=yes
ac_cv_c_int64_t=yes
ac_cv_env_CC_set=
ac_cv_env_CC_value=
ac_cv_env_CFLAGS_set=
ac_cv_env_CFLAGS_value=
ac_cv_env_CPPFLAGS_set=
ac_cv_env_CPPFLAGS_value=
ac_cv_env_CPP_set=
ac_cv_env_CPP_value=
ac_cv_env_GENHTML_set=
ac_cv_env_GENHTML_value=
ac_cv_env_LCOV_set=
ac_cv_env_LCOV_value=
ac_cv_env_LDFLAGS_set=
ac_cv_env_LDFLAGS_value=
ac_cv_env_LIBS_set=
ac_cv_env_LIBS_value=
ac_cv_env_LT_SYS_LIBRARY_PATH_set=
ac_cv_env_LT_SYS_LIBRARY_PATH_value=
ac_cv_env_PKG_CONFIG_LIBDIR_set=
ac_cv_env_PKG_CONFIG_LIBDIR_value=
ac_cv_env_PKG_CONFIG_PATH_set=
ac_cv_env_PKG_CONFIG_PATH_value=
ac_cv_env_PKG_CONFIG_set=
ac_cv_env_PKG_CONFIG_value=
ac_cv_env_VALGRIND_CFLAGS_set=
ac_cv_env_VALGRIND_CFLAGS_value=
ac_cv_env_VALGRIND_LIBS_set=
ac_cv_env_VALGRIND_LIBS_value=
ac_cv_env_build_alias_set=
ac_cv_env_build_alias_value=
ac_cv_env_host_alias_set=
ac_cv_env_host_alias_value=
ac_cv_env_target_alias_set=
ac_cv_env_target_alias_value=
ac_cv_func_bcopy=yes
ac_cv_func_memmove=yes
ac_cv_func_strerror=yes
ac_cv_header_bzlib_h=yes
ac_cv_header_dirent_h=yes
ac_cv_header_dlfcn_h=yes
ac_cv_header_inttypes_h=yes
ac_cv_header_limits_h=yes
ac_cv_header_memory_h=yes
ac_cv_header_stdc=yes
ac_cv_header_stdint_h=yes
ac_cv_header_stdlib_h=yes
ac_cv_header_string_h=yes
ac_cv_header_strings_h=yes
ac_cv_header_sys_stat_h=yes
ac_cv_header_sys_types_h=yes
ac_cv_header_unistd_h=yes
ac_cv_header_windows_h=no
ac_cv_header_zlib_h=yes
ac_cv_host=x86_64-apple-darwin14.4.0
ac_cv_lib_z_gzopen=yes
ac_cv_objext=o
ac_cv_path_EGREP='/usr/bin/grep -E'
ac_cv_path_FGREP='/usr/bin/grep -F'
ac_cv_path_GREP=/usr/bin/grep
ac_cv_path_SED=/usr/bin/sed
ac_cv_path_install='/usr/bin/install -c'
ac_cv_path_lt_DD=/bin/dd
ac_cv_prog_AWK=awk
ac_cv_prog_CPP='gcc -E'
ac_cv_prog_ac_ct_AR=ar
ac_cv_prog_ac_ct_CC=gcc
ac_cv_prog_ac_ct_DLLTOOL=dlltool
ac_cv_prog_ac_ct_DSYMUTIL=dsymutil
ac_cv_prog_ac_ct_LIPO=lipo
ac_cv_prog_ac_ct_NMEDIT=nmedit
ac_cv_prog_ac_ct_OBJDUMP=objdump
ac_cv_prog_ac_ct_OTOOL=otool
ac_cv_prog_ac_ct_RANLIB=ranlib
ac_cv_prog_ac_ct_STRIP=strip
ac_cv_prog_cc_c89=
ac_cv_prog_cc_g=yes
ac_cv_prog_make_make_set=yes
ac_cv_type_size_t=yes
am_cv_CC_dependencies_compiler_type=gcc3
am_cv_ar_interface=ar
am_cv_make_support_nested_variables=yes
am_cv_prog_cc_c_o=yes
ax_cv_PTHREAD_PRIO_INHERIT=yes
lt_cv_apple_cc_single_mod=yes
lt_cv_ar_at_file=no
lt_cv_deplibs_check_method=pass_all
lt_cv_file_magic_cmd='$MAGIC_CMD'
lt_cv_file_magic_test_file=
lt_cv_ld_exported_symbols_list=yes
lt_cv_ld_force_load=yes
lt_cv_ld_reload_flag=-r
lt_cv_nm_interface='BSD nm'
lt_cv_objdir=.libs
lt_cv_path_LD=/Applications/Xcode2.app/Contents/Developer/Toolchains/XcodeDefault.xctoolchain/usr/bin/ld
lt_cv_path_NM=/usr/bin/nm
lt_cv_path_mainfest_tool=no
lt_cv_prog_compiler_c_o=yes
lt_cv_prog_compiler_pic='-fno-common -DPIC'
lt_cv_prog_compiler_pic_works=yes
lt_cv_prog_compiler_rtti_exceptions=yes
lt_cv_prog_compiler_static_works=no
lt_cv_prog_gnu_ld=no
lt_cv_sharedlib_from_linklib_cmd='printf %s\n'
lt_cv_sys_global_symbol_pipe='sed -n -e '\''s/^.*[	 ]\([BCDEGRST][BCDEGRST]*\)[	 ][	 ]*_\([_A-Za-z][_A-Za-z0-9]*\)$/\1 _\2 \2/p'\'' | sed '\''/ __gnu_lto/d'\'''
lt_cv_sys_global_symbol_to_c_name_address='sed -n -e '\''s/^: \(.*\) .*$/  {"\1", (void *) 0},/p'\'' -e '\''s/^[BCDEGRST][BCDEGRST]* .* \(.*\)$/  {"\1", (void *) \&\1},/p'\'''
lt_cv_sys_global_symbol_to_c_name_address_lib_prefix='sed -n -e '\''s/^: \(.*\) .*$/  {"\1", (void *) 0},/p'\'' -e '\''s/^[BCDEGRST][BCDEGRST]* .* \(lib.*\)$/  {"\1", (void *) \&\1},/p'\'' -e '\''s/^[BCDEGRST][BCDEGRST]* .* \(.*\)$/  {"lib\1", (void *) \&\1},/p'\'''
lt_cv_sys_global_symbol_to_cdecl='sed -n -e '\''s/^T .* \(.*\)$/extern int \1();/p'\'' -e '\''s/^[BCDEGRST][BCDEGRST]* .* \(.*\)$/extern char \1;/p'\'''
lt_cv_sys_global_symbol_to_import=
lt_cv_sys_max_cmd_len=196608
lt_cv_to_host_file_cmd=func_convert_file_noop
lt_cv_to_tool_file_cmd=func_convert_file_noop
lt_cv_truncate_bin='/bin/dd bs=4096 count=1'
pcre2_cv_cc_vis_werror=yes
pcre2_cv_cc_visibility=yes

## ----------------- ##
## Output variables. ##
## ----------------- ##

ACLOCAL='${SHELL} /Users/njindal/Build/quint/main/code/third_party/avmplus/pcre2/missing aclocal-1.15'
AMDEPBACKSLASH='\'
AMDEP_FALSE='#'
AMDEP_TRUE=''
AMTAR='$${TAR-tar}'
AM_BACKSLASH='\'
AM_DEFAULT_V='$(AM_DEFAULT_VERBOSITY)'
AM_DEFAULT_VERBOSITY='0'
AM_V='$(V)'
AR='ar'
AS='as'
AUTOCONF='${SHELL} /Users/njindal/Build/quint/main/code/third_party/avmplus/pcre2/missing autoconf'
AUTOHEADER='${SHELL} /Users/njindal/Build/quint/main/code/third_party/avmplus/pcre2/missing autoheader'
AUTOMAKE='${SHELL} /Users/njindal/Build/quint/main/code/third_party/avmplus/pcre2/missing automake-1.15'
AWK='awk'
CC='gcc'
CCDEPMODE='depmode=gcc3'
CFLAGS='-D_THREAD_SAFE -pthread -g -O2'
CPP='gcc -E'
CPPFLAGS=''
CYGPATH_W='echo'
DEFS='-DHAVE_CONFIG_H'
DEPDIR='.deps'
DISTCHECK_CONFIGURE_FLAGS='CFLAGS='\'''\'' CXXFLAGS='\'''\'' --enable-pcre2-16 --enable-pcre2-32 --enable-jit --enable-utf'
DLLTOOL='dlltool'
DSYMUTIL='dsymutil'
DUMPBIN=''
ECHO_C='\c'
ECHO_N=''
ECHO_T=''
EGREP='/usr/bin/grep -E'
EXEEXT=''
EXTRA_LIBPCRE2_16_LDFLAGS='    -version-info 2:0:2'
EXTRA_LIBPCRE2_32_LDFLAGS='    -version-info 2:0:2'
EXTRA_LIBPCRE2_8_LDFLAGS='    -version-info 2:0:2'
EXTRA_LIBPCRE2_POSIX_LDFLAGS='    -version-info 0:0:0'
FGREP='/usr/bin/grep -F'
GCOV_CFLAGS=''
GCOV_CXXFLAGS=''
GCOV_LIBS=''
GENHTML=''
GREP='/usr/bin/grep'
HAVE_VISIBILITY='1'
INSTALL_DATA='${INSTALL} -m 644'
INSTALL_PROGRAM='${INSTALL}'
INSTALL_SCRIPT='${INSTALL}'
INSTALL_STRIP_PROGRAM='$(install_sh) -c -s'
LCOV=''
LD='/Applications/Xcode2.app/Contents/Developer/Toolchains/XcodeDefault.xctoolchain/usr/bin/ld'
LDFLAGS=''
LIBBZ2=''
LIBOBJS=''
LIBREADLINE=''
LIBS=' '
LIBTOOL='$(SHELL) $(top_builddir)/libtool'
LIBZ=''
LIPO='lipo'
LN_S='ln -s'
LTLIBOBJS=''
LT_SYS_LIBRARY_PATH=''
MAKEINFO='${SHELL} /Users/njindal/Build/quint/main/code/third_party/avmplus/pcre2/missing makeinfo'
MANIFEST_TOOL=':'
MKDIR_P='./install-sh -c -d'
NM='/usr/bin/nm'
NMEDIT='nmedit'
OBJDUMP='objdump'
OBJEXT='o'
OTOOL64=':'
OTOOL='otool'
PACKAGE='pcre2'
PACKAGE_BUGREPORT=''
PACKAGE_NAME='PCRE2'
PACKAGE_STRING='PCRE2 10.20'
PACKAGE_TARNAME='pcre2'
PACKAGE_URL=''
PACKAGE_VERSION='10.20'
PATH_SEPARATOR=':'
PCRE2_DATE='2015-06-30'
PCRE2_MAJOR='10'
PCRE2_MINOR='20'
PCRE2_PRERELEASE=''
PCRE2_STATIC_CFLAG='-DPCRE2_STATIC'
PKG_CONFIG=''
PKG_CONFIG_LIBDIR=''
PKG_CONFIG_PATH=''
PTHREAD_CC='gcc'
PTHREAD_CFLAGS='-D_THREAD_SAFE -pthread'
PTHREAD_LIBS=''
RANLIB='ranlib'
SED='/usr/bin/sed'
SET_MAKE=''
SHELL='/bin/sh'
SHTOOL=''
STRIP='strip'
VALGRIND_CFLAGS=''
VALGRIND_LIBS=''
VERSION='10.20'
VISIBILITY_CFLAGS='-fvisibility=hidden'
VISIBILITY_CXXFLAGS='-fvisibility=hidden -fvisibility-inlines-hidden'
WITH_DEBUG_FALSE=''
WITH_DEBUG_TRUE='#'
WITH_GCOV_FALSE=''
WITH_GCOV_TRUE='#'
WITH_JIT_FALSE='#'
WITH_JIT_TRUE=''
WITH_PCRE2_16_FALSE=''
WITH_PCRE2_16_TRUE='#'
WITH_PCRE2_32_FALSE=''
WITH_PCRE2_32_TRUE='#'
WITH_PCRE2_8_FALSE='#'
WITH_PCRE2_8_TRUE=''
WITH_REBUILD_CHARTABLES_FALSE=''
WITH_REBUILD_CHARTABLES_TRUE='#'
WITH_UNICODE_FALSE='#'
WITH_UNICODE_TRUE=''
WITH_VALGRIND_FALSE=''
WITH_VALGRIND_TRUE='#'
ac_ct_AR='ar'
ac_ct_CC='gcc'
ac_ct_DUMPBIN=''
am__EXEEXT_FALSE=''
am__EXEEXT_TRUE='#'
am__fastdepCC_FALSE='#'
am__fastdepCC_TRUE=''
am__include='include'
am__isrc=''
am__leading_dot='.'
am__nodep='_no'
am__quote=''
am__tar='$${TAR-tar} chof - "$$tardir"'
am__untar='$${TAR-tar} xf -'
ax_pthread_config=''
bindir='${exec_prefix}/bin'
build='x86_64-apple-darwin14.4.0'
build_alias=''
build_cpu='x86_64'
build_os='darwin14.4.0'
build_vendor='apple'
datadir='${datarootdir}'
datarootdir='${prefix}/share'
docdir='${datarootdir}/doc/${PACKAGE_TARNAME}'
dvidir='${docdir}'
enable_pcre2_16='no'
enable_pcre2_32='no'
enable_pcre2_8='yes'
exec_prefix='${prefix}'
host='x86_64-apple-darwin14.4.0'
host_alias=''
host_cpu='x86_64'
host_os='darwin14.4.0'
host_vendor='apple'
htmldir='${docdir}/html'
includedir='${prefix}/include'
infodir='${datarootdir}/info'
install_sh='${SHELL} /Users/njindal/Build/quint/main/code/third_party/avmplus/pcre2/install-sh'
libdir='${exec_prefix}/lib'
libexecdir='${exec_prefix}/libexec'
localedir='${datarootdir}/locale'
localstatedir='${prefix}/var'
mandir='${datarootdir}/man'
mkdir_p='$(MKDIR_P)'
oldincludedir='/usr/include'
pdfdir='${docdir}'
prefix='/Users/njindal/Build/quint/main/code/third_party/avmplus/pcre2'
program_transform_name='s,x,x,'
psdir='${docdir}'
sbindir='${exec_prefix}/sbin'
sharedstatedir='${prefix}/com'
sysconfdir='${prefix}/etc'
target_alias=''

## ----------- ##
## confdefs.h. ##
## ----------- ##

/* confdefs.h */
#define PACKAGE_NAME "PCRE2"
#define PACKAGE_TARNAME "pcre2"
#define PACKAGE_VERSION "10.20"
#define PACKAGE_STRING "PCRE2 10.20"
#define PACKAGE_BUGREPORT ""
#define PACKAGE_URL ""
#define PACKAGE "pcre2"
#define VERSION "10.20"
#define STDC_HEADERS 1
#define HAVE_SYS_TYPES_H 1
#define HAVE_SYS_STAT_H 1
#define HAVE_STDLIB_H 1
#define HAVE_STRING_H 1
#define HAVE_MEMORY_H 1
#define HAVE_STRINGS_H 1
#define HAVE_INTTYPES_H 1
#define HAVE_STDINT_H 1
#define HAVE_UNISTD_H 1
#define HAVE_DLFCN_H 1
#define LT_OBJDIR ".libs/"
#define PCRE2_EXP_DECL extern __attribute__ ((visibility ("default")))
#define PCRE2_EXP_DEFN __attribute__ ((visibility ("default")))
#define PCRE2POSIX_EXP_DECL extern __attribute__ ((visibility ("default")))
#define PCRE2POSIX_EXP_DEFN extern __attribute__ ((visibility ("default")))
#define HAVE_VISIBILITY 1
#define STDC_HEADERS 1
#define HAVE_LIMITS_H 1
#define HAVE_SYS_TYPES_H 1
#define HAVE_SYS_STAT_H 1
#define HAVE_DIRENT_H 1
#define HAVE_BCOPY 1
#define HAVE_MEMMOVE 1
#define HAVE_STRERROR 1
#define HAVE_ZLIB_H 1
#define HAVE_BZLIB_H 1
#define PCRE2_STATIC 1
#define SUPPORT_PCRE2_8 /**/
#define HAVE_PTHREAD_PRIO_INHERIT 1
#define HAVE_PTHREAD 1
#define SUPPORT_JIT /**/
#define SUPPORT_PCRE2GREP_JIT /**/
#define SUPPORT_UNICODE /**/
#define PCRE2GREP_BUFSIZE 20480
#define NEWLINE_DEFAULT 4
#define LINK_SIZE 2
#define PARENS_NEST_LIMIT 1000
#define MATCH_LIMIT 10000000
#define MATCH_LIMIT_RECURSION MATCH_LIMIT
#define MAX_NAME_SIZE 32
#define MAX_NAME_COUNT 10000

configure: exit 0
